cycle 0
$00: 0x00000000
$01: 0x00000000
$02: 0x00000000
$03: 0x00000000
$04: 0x00000000
$05: 0x00000000
$06: 0x00000000
$07: 0x00000000
$08: 0x00000000
$09: 0x00000000
$10: 0x00000000
$11: 0x00000000
$12: 0x00000000
$13: 0x00000000
$14: 0x00000000
$15: 0x00000000
$16: 0x00000000
$17: 0x00000000
$18: 0x00000000
$19: 0x00000000
$20: 0x00000000
$21: 0x00000000
$22: 0x00000000
$23: 0x00000000
$24: 0x00000000
$25: 0x00000000
$26: 0x00000000
$27: 0x00000000
$28: 0x00000000
$29: 0x00000012
$30: 0x00000000
$31: 0x00000000
$HI: 0x00000000
$LO: 0x00000000
PC: 0x00000000


cycle 1
$01: 0x00000014
PC: 0x00000004


cycle 2
$02: 0x00000008
PC: 0x00000008


cycle 3
PC: 0x00000014


cycle 4
PC: 0x00000018


cycle 5
PC: 0x0000001C


cycle 6
$01: 0xFFFFFFEC
PC: 0x00000020


cycle 7
$01: 0x00000000
PC: 0x00000024


cycle 8
PC: 0x00000028


cycle 9
PC: 0x0000002C


cycle 10
$01: 0xFFFFFFFF
PC: 0x00000030


cycle 11
PC: 0x00000034


cycle 12
$01: 0x00000000
PC: 0x00000038


cycle 13
PC: 0x0000003C


cycle 14
$02: 0x00000000
PC: 0x00000040


cycle 15
PC: 0x00000044


cycle 16
PC: 0x00000048


cycle 17
PC: 0x0000004C


cycle 18
PC: 0x00000050


cycle 19
PC: 0x00000054


cycle 20
PC: 0x00000058


cycle 21
$21: 0x00005678
PC: 0x0000005C


cycle 22
$05: 0x00004321
PC: 0x00000060


cycle 23
$10: 0x00000004
PC: 0x00000064


cycle 24
PC: 0x00000068


cycle 25
PC: 0x0000006C


cycle 26
PC: 0x00000070


cycle 27
PC: 0x00000074


cycle 28
$01: 0x00000002
PC: 0x00000078


cycle 29
PC: 0x0000007C


cycle 30
PC: 0x00000080


cycle 31
$02: 0x00004321
PC: 0x00000084


cycle 32
$02: 0x00000021
PC: 0x00000088


cycle 33
$02: 0x00000000
PC: 0x0000008C


cycle 34
$12: 0x00120000
PC: 0x00000090


cycle 35
PC: 0x00000094


cycle 36
$30: 0x00004567
PC: 0x00000098


cycle 37
$30: 0xFFFFBA98
PC: 0x0000009C


cycle 38
$30: 0x00000001
PC: 0x000000A0


cycle 39
PC: 0x000000A8


cycle 40
PC: 0x000000AC


cycle 41
PC: 0x000000B0


cycle 42
PC: 0x000000C0


cycle 43
PC: 0x000000CC


