1, ;	lw	: 
2, ;	lw	: 
3, ;	addi	: 
4, ;	bne	: 
5, ;	xor	: 
6, ;	j	: 
7, ;	sll	: 
8, ;	sll	: 
9, ;	sll	: 
10, ;	sll	: 
11, ;	lw	: 
12, ;	lw	: 
13, ;	addi	: 
14, ;	bne	: 
15, ;	addi	: 
16, ;	mult	: 
17, ;	mult	: 
18, ;	mfhi	: 
19, ;	mflo	: 
20, ;	and	: 
21, ;	or	: 
22, ;	xor	: 
23, ;	nor	: 
24, ;	nand	: 
25, ;	andi	: 
26, ;	ori	: 
27, ;	nori	: 
28, ;	lw	: 
29, ;	addiu	: 
30, ;	addi	: 
31, ;	lw	: 
32, ;	add	: 
33, ;	addu	: 
34, ;	sub	: 
35, ;	lb	: 
36, ;	lh	: 
37, ;	lw	: 
38, ;	lbu	: 
39, ;	lhu	: 
40, ;	lw	: 
41, ;	lh	: 
42, ;	lb	: 
43, ;	lw	: 
44, ;	sw	: 
45, ;	sh	: 
46, ;	sb	: 
46, halt	: ;	
