cycle 0
$00: 0x00000000
$01: 0x00000000
$02: 0x00000000
$03: 0x00000000
$04: 0x00000000
$05: 0x00000000
$06: 0x00000000
$07: 0x00000000
$08: 0x00000000
$09: 0x00000000
$10: 0x00000000
$11: 0x00000000
$12: 0x00000000
$13: 0x00000000
$14: 0x00000000
$15: 0x00000000
$16: 0x00000000
$17: 0x00000000
$18: 0x00000000
$19: 0x00000000
$20: 0x00000000
$21: 0x00000000
$22: 0x00000000
$23: 0x00000000
$24: 0x00000000
$25: 0x00000000
$26: 0x00000000
$27: 0x00000000
$28: 0x00000000
$29: 0x00000300
$30: 0x00000000
$31: 0x00000000
$HI: 0x00000000
$LO: 0x00000000
PC: 0x00000000


cycle 1
PC: 0x00000004


cycle 2
$01: 0x7FFFFFFF
PC: 0x00000008


cycle 3
$02: 0x80000003
PC: 0x0000000C


cycle 4
PC: 0x00000010


cycle 5
$03: 0xFFFFFFFC
PC: 0x00000014


cycle 6
PC: 0x0000002C


cycle 7
$01: 0x80000000
PC: 0x00000030


cycle 8
$02: 0xFFFFFFFC
PC: 0x00000034


cycle 9
$03: 0x7FFFFFFC
PC: 0x00000038


cycle 10
$01: 0x00000003
PC: 0x0000003C


cycle 11
$02: 0xFFFFFFFF
PC: 0x00000040


cycle 12
$03: 0x00000001
PC: 0x00000044


cycle 13
$01: 0xFFFFFFFF
PC: 0x00000048


cycle 14
$02: 0xFFFFFFF8
PC: 0x0000004C


cycle 15
$01: 0x7FFFFFFF
PC: 0x00000050


cycle 16
$02: 0x7FFF8003
PC: 0x00000054


cycle 17
PC: 0x00000058


cycle 18
$02: 0xFFFFFFFF
PC: 0x0000005C


cycle 19
$03: 0x7FFFFFFE
PC: 0x00000060


cycle 20
PC: 0x00000064


cycle 21
$03: 0x80000000
PC: 0x00000068


cycle 22
$03: 0xFFFFFF83
PC: 0x0000006C


cycle 23
$03: 0x0000001F
PC: 0x00000070


cycle 24
$03: 0x0000000C
PC: 0x00000074


cycle 25
$03: 0x00000083
PC: 0x00000078


cycle 26
PC: 0x0000007C


cycle 27
$03: 0x00000000
PC: 0x00000080


cycle 28
PC: 0x00000084


cycle 29
PC: 0x00000088


cycle 30
$02: 0x0000000C
PC: 0x0000008C


cycle 31
PC: 0x00000090


cycle 32
PC: 0x00000094


cycle 33
PC: 0x00000098


cycle 34
$02: 0x7FFFFFFF
PC: 0x0000009C


cycle 35
$03: 0x7FFFFFFF
PC: 0x000000A0


cycle 36
PC: 0x000000A4


cycle 37
PC: 0x000000A8


cycle 38
$01: 0xFFFFFFFE
PC: 0x000000AC


cycle 39
PC: 0x000000B0


cycle 40
PC: 0x000000B4


cycle 41
PC: 0x000000B8


cycle 42
PC: 0x000000BC


